Sistema de cola con servidor simple


t = [
480.0
480.4548725444171
480.46076441821947
482.1153649266122
482.5615173057409
482.56402040232416
482.9643062408593
483.0763592688546
483.0920064406348
483.6547228823106
486.4472345717104
486.20875311692254
487.83476588951027
491.28519828279474
493.1883878169492
494.11339662221604
496.08954337394965
496.40836624276784
496.5172645950528
496.5208957167321
499.7028062807653
500.0082270511059
500.0126327998626
500.0963141274891
500.2834737464068
500.50119729057127
501.96504546836894
503.2764567225755
504.79654821804894
505.05000097982713
505.2790164703987
505.3018944877384
505.9985805273755
506.46186909982475
506.5006196272696
506.93550630296716
509.0002991695486
512.5399363936581
512.9151290905944
513.0667680727589
514.5263700933907
514.7096197516368
514.9913184434537
515.2013420456053
515.2344579601134
516.8605569247095
518.2579301078036
518.3907097905707
519.9930657034134
520.0001820097842
522.2526486014239
527.6829776738847
527.7544348404691
527.9102386977268
528.6261047176921
528.7132995762906
528.7225126349333
529.527232129923
529.6536795671209
529.6552006449382
530.7063876578122
531.0666136522187
531.5809504128966
531.9369718694601
531.9441444481126
531.9540077056056
532.1442644308443
532.2291341988025
533.1404518327022
533.398618698687
534.6161501478238
535.3461595251301
536.0736333176878
536.2257951916126
536.2738655175381
537.4425688747572
537.7615496692999
539.915327500053
539.9624270425489
541.7231049194297
545.520879833706
545.7690606060183
545.8032734987147
546.0567843840595
546.5208990767237
546.834881527279
547.3040979273316
547.313148645957
548.7637735231667
548.998380944936
549.3895119614931
549.4163356681859
550.9827023886596
552.2622352986261
552.4458530070418
552.6412305423095
553.0469991695708
553.0738810108738
553.1902588246505
553.3559671985679
553.3824028726953
553.3848846123357
555.5654986156197
555.7922383792782
555.8787066986655
556.2743864180028
556.7535810893548
556.8875246777493
558.7465016909434
555.9585362483107
559.4939938979593
561.60625447075
562.333771447916
562.7028976089297
563.1583834226077
565.149299671644
568.7935728949768
568.8917705573068
568.8939161060358
570.9121083827412
571.0151281849003
571.0388941719303
572.69766478551
572.7108836724306
573.5567235869269
573.6657704751315
573.7116626970235
573.7382250475731
573.80528545499
574.2212277690523
574.223496617554
574.5274355276459
574.6113869427707
575.0518336927645
575.0587715165609
575.527047789018
575.5601709776749
577.8971224215629
578.3354155698464
579.8760793763581
578.6006725384195
581.9409585053548
582.8228820729681
586.4654098027067
588.2722909279922
590.7044008207158
592.7010153888242
592.8050560137871
592.8308779919852
592.9647891348469
592.993872930548
595.9818642322288
597.4420872728206
597.5330219154904
597.6081762188116
597.6452727248078
597.7864352172039
597.8849505982336
597.9577770794335
597.995323802097
598.0709306332886
598.148135386808
598.2106543053734
598.6362361477887
598.6454999849066
600.4674604662273
600.6933633754771
601.0059262543328
602.1964968754933
602.4929098790763
602.6889028781193
602.7550891783693
603.0076925597963
603.4897102073511
603.5138539650402
604.6899247447396
606.6121814678592
606.6815387419739
607.1230541580337
607.1671365772381
607.5343139143496
607.5477598387897
607.6431949400239
607.9958862505799
608.2146471079799
608.494866395144
608.5090615401933
608.6706849601793
608.6780935640845
608.8039101692248
608.8415843519089
608.8438482888394
609.813952888831
609.9472279938117
610.6801896295402
610.8754704166279
611.2143822525591
611.2725172074686
611.6036261752232
611.7307965721361
611.9527932961878
612.6628370522342
614.666082025514
600.9627999393722
615.5911613706232
615.9760537386904
616.5426580611539
617.2787802734881
617.679100724379
617.7233390779155
618.600716078268
620.5462434346346
621.0441815292688
622.0723598182911
622.7733564791854
623.0710731628172
623.5217251334209
623.8857366299404
623.9583311467401
627.188626786052
631.7824981530181
631.7892373900149
635.9437754899039
636.0966423461907
637.1426268598871
638.6786862638785
640.1439114087837
640.1706010921154
640.4102305081748
640.480644609954
640.5290345477663
640.5973485174402
640.6728443236782
643.430083891646
643.7273758393382
644.2815702044571
645.9558489807301
646.0237955981257
646.2985434922699
646.300888131838
646.5880670869668
646.9582463910544
647.2968362577296
647.350408960586
648.1438291105475
649.2874361250009
649.5350676618843
649.9581980570147
650.0144020539481
651.0077138811298
653.5492558793669
655.0564696447384
655.9482618433565
656.2718476375383
656.3307121025603
657.1226113809378
659.4224489437794
659.553392773786
659.5616935739971
659.8452308755112
659.8478003146095
663.3512988458403
665.5037195496953
666.1811417452562
667.0096369211457
667.2774513239422
667.6374907711385
667.7107058630493
668.1386967534863
668.7741138945775
668.9812689559354
668.9822312535298
669.8832388733571
670.3006304210543
670.3879061756156
670.4683390794776
670.4768845935479
671.2224472951308
671.6189825651036
673.6346735402894
674.744042738635
675.4495664561733
675.6011592716491
675.617403811136
675.8760393318495
676.8522778355033
676.9610432612858
678.1735508234437
678.3816459589996
680.5328304256577
680.85132947764
680.9559187114855
681.0048660053719
681.241108501904
681.2896980492743
681.3495376785858
681.4600190830898
681.4727259000238
682.9374752593521
683.1093997674474
683.3015572903478
683.4005234504249
683.6146698115814
683.6342774100592
684.1286866704822
684.5304878516649
685.1391456949472
685.1851893967554
685.1961828282093
685.6211896945289
685.6360562047363
685.9501751237592
685.9565408530632
686.2645486140613
686.5287062785915
686.6812775361545
688.5269257501274
689.1942568340017
690.219266664893
690.5364140749939
684.6891082982416
690.8424338796893
691.1785552453308
691.4308074083832
691.4388874107512
691.5421695730537
691.7650045765253
691.8759759030602
692.3290116017117
692.5054801541679
692.5822411746482
692.6307372602892
692.7402343863105
692.9438121114571
692.945030340572
693.686400689396
693.8475485680498
693.8695932473022
694.1827323727783
694.1945252693621
694.2441351814427
694.3487505043945
695.4762300051109
695.6160614103948
695.733207694422
695.7679267260412
696.341373101901
697.2675991480916
697.4437985523784
698.3391186284954
698.9736985913307
699.0972762324374
700.3437662138911
694.6675778007358
700.759898214231
700.79803563461
701.0291158967566
701.6689261166163
701.7785750611635
701.78365381048
701.8063054171195
703.2908327450682
703.4618493872612
704.5781353781465
704.722402999708
704.7535226410574
705.0843837075307
705.4806483175179
705.6813179371761
705.987171673536
706.0870589619731
706.1566558670972
706.2510181659767
706.2933211474569
706.360773826113
706.4093873344215
707.2045602242731
707.2984349058019
708.0688252429519
709.301219395432
709.0169103220666
710.303018793035
710.4330801025685
710.6104332635479
713.3909821654104
714.0793954398022
714.4037875532478
714.6457284340208
714.7987124506438
714.8296477348301
715.2242617373947
715.3807271579742
715.4199511547109
715.4791236505093
715.983935894328
717.0575599758541
717.5435472676205
717.7196514625261
717.8233920866146
717.8807297363171
718.3477461793456
718.4818181666747
718.5687170191843
718.7877176227245
718.9911688909532
720.9235576926774
721.6827836417197
721.9991061295104
722.3877822361512
722.3916466644596
722.7263357746508
722.906902903796
723.6584464193985
725.0260767651587
725.2299059892088
725.4126317110981
727.772262459855
728.3315505666874
729.2144951117099
729.238067597646
729.2636758101273
729.4602348294189
730.02431595789
730.4596049544992
730.674508179215
730.8193705823597
730.8937473012057
731.5118053290563
732.0297408758901
732.4450626188948
733.9453016512041
734.1976603436639
734.4085087430748
734.4178512871727
735.4727973231254
735.7397939716371
735.750157635805
735.8575301321322
735.8661256714258
736.2670849109427
736.3301822603834
737.1015865258255
737.875675304329
739.4153042116466
739.053633867851
739.8445042124375
740.2715955724633
741.1735220399999
741.4071306311462
741.5950003065443
742.4118154672744
743.2549847952605
743.902800288295
744.8414796591576
745.4211624368451
746.751236979405
747.0865449799649
747.4771890066002
750.111168262586
750.5401890915942
750.5660494565504
751.9804650436236
752.0567754031154
752.081851376741
752.4155538369511
752.4215823750999
752.655587930712
753.2267794787896
753.8264136837172
754.5153904453882
754.857671357654
754.8787731281021
755.4657811105493
756.5296560220423
757.7261601888914
757.8002505238466
757.858041982899
757.9907315713289
758.3034497912871
758.3968211500643
761.9479012545298
761.9499217492303
762.1876886088401
762.2408603953323
762.973223865911
763.1153822709531
763.5729883233785
764.2638588335542
764.4467108354703
764.7193091897083
764.7508009864874
764.9922132214098
765.0189554343024
765.0233609019969
765.6770424354753
767.0696144927766
767.6342947285738
768.070876426288
768.2305836334566
768.561449221184
769.5948851864089
769.8305492034347
771.5416707836092
771.8196295421212
774.1061686906859
774.1673207154903
774.5607484158926
774.58823956387
775.5493847655443
776.3409161319349
776.4261152029625
777.3839790597945
777.8370815694843
778.3647588240117
779.4891057474324
781.2705001584543
781.8154361676396
782.6282461100632
783.4582951600966
789.6447059573231
789.9042847241329
792.7705209310056
794.5887451876101
798.7114461783194
799.371749321052
799.9525801744953
805.9192307496318
806.0861060550498
806.2906948193734
822.0156510900679
828.2711189149849
828.6897068402131
830.5266297583677
831.1382618992768
832.5080426508733
832.7598861137394
861.1196117504404
863.175910462576
863.3298157676498
863.6170173755896
866.1319882670282
866.1949793177901
866.4931371042985
866.5259066619127
871.0211159405219
871.8520386378901
872.0647569952481
872.3088639328671
873.1443345672448
877.7774397215244
879.1655067017263
881.8878400663561
884.4678324842818
891.2592261202033
891.8982592887911
896.480196249145
897.0287375199848
897.0324284809735
897.4994283873092
897.5692058679306
906.3938634416918
908.8003379211814
911.7291475115935
914.3268390707361
922.377732887765
924.3849895747178
926.0540474026571
926.748095263672
928.5036712693155
930.9169217596894
931.9990451715234
932.111559141071
932.7129246343569
932.7372219778416
934.558538657056
934.6594003901188
949.1057718118168
949.808067680821
950.2524364613873
951.2313447997221
951.5110082928838
952.9305283116714
952.9314634888086
957.3511933427759
960.1426402364829
963.7268869662535
963.8656481051546
964.0425937520023
964.4505228500913
965.2777522650033
969.7831658833211
972.487768220506
980.267278260022
980.8056123753946
981.2899404361083
981.5058207600915
981.8472600890764
981.9811436282902
987.2181763966777
992.1606671559937
1003.6507433507247
1005.7038153849071
1005.9039381575949
1006.7792713952059
1009.6386435726108
1013.1011070769106
1013.1248400364426
1018.6350299732046
1023.5536511271708
1029.2789492429092
1038.4453287929077
1038.6274151818
1041.2209844328272
1041.6261125332348
1044.6876720548937
1047.7016917100805
1047.7091092754445
1057.3058338101196
1057.4901687610932
1060.5683376162292
1075.3880485699926
1075.9601379964931
1077.5615785053792
1077.847144531608
1079.4430519272953
1082.0440317380915
1083.6220779130535
1086.1657988381814
];
Sistema de cola con servidor simple


t = [
480.0
480.20804060008174
480.4352445916853
483.500286467367
484.23055784176034
484.30302244406084
484.82890284943204
489.1068281448408
489.5268385623589
492.5691595839988
492.6105274431064
492.9976098163037
493.05127424081473
493.2714768865138
493.28757263910506
495.9490429111543
496.3362181650985
496.76342955805137
496.9767852657802
496.9810960029377
497.43441457182723
497.5247731801785
497.54026168678894
499.28660774726643
499.7095041942865
499.8262890980616
499.83491068654234
500.2714663877238
500.4133233995534
500.71486650396173
502.3710031814898
504.14795473947447
504.34434590604195
504.44820532108713
505.67880425142465
506.1219572664705
506.13879748860074
507.1538950164177
509.8179217210169
512.9364397355795
513.5694935186557
513.5793468584234
513.8509602744117
514.0904880231192
515.9210899238368
516.2284742850618
516.2413101959756
517.0781805275981
519.3419184984107
521.362753762771
522.8984104852711
523.3358497333714
524.380200806172
524.6495861191427
524.6693513376296
524.7836513723845
524.7858141641415
525.2216682225994
525.2481015829163
525.6906949070409
525.6937663623385
525.7674785662455
526.0478272959007
526.5059543815682
526.5565024884813
526.6147709595007
526.8008601138437
528.3013089763235
528.318101259641
528.4999052111273
528.5135633883624
529.7964663735114
530.3116690780104
530.5883465184683
531.0236599619631
531.1143934620351
531.416161846575
531.5863619875723
532.2958922798592
532.8570769125433
534.2725006448269
528.2865125083737
534.4801018431153
535.4616331652884
535.6194942131235
536.3666416535265
536.7692894776633
536.8809167984895
537.380370097608
537.6538808432485
537.7379353392135
539.0983003724733
540.297317562959
540.5942865800782
541.0906496458052
541.1424789009753
541.7365626430226
541.8064167208014
541.8415752692761
543.3652667468702
543.9817998906886
545.4089528061791
546.9256552952093
548.194906948604
549.3707806128099
549.371621901255
549.4885540604873
549.4935043852971
549.6294649428817
549.7385995997447
551.0644808992784
552.2080580233896
553.4705155925251
552.859767140094
553.6839510824149
554.6210776577036
556.0144435195997
556.1598467620787
556.2732111479909
557.2236876371193
560.1790997086144
560.5215675822764
560.5395914585366
561.457603919065
561.5703285575378
561.9695034631421
562.6804594570763
562.7178049656158
562.9641278833963
563.3646641347864
563.5239777882286
564.4763436414657
564.5024959653578
564.7906839541918
564.7923817740732
564.8543783020572
565.2140505742586
565.3391111940816
565.5459545428125
565.6116150920271
567.6527292644519
567.921320504487
568.9563433903797
569.1043392574321
569.3175375101592
570.9064544987057
570.9621216356056
571.0219822630202
571.3500288597082
571.4288491366403
573.732325021833
573.7403733344446
574.0512266662032
574.6022720019845
575.4895261610324
576.1332996664528
582.7252274384558
585.2880268081744
585.5198315963409
585.696509656342
585.7220176999989
589.3247003266029
590.0820281891453
590.2514101123298
591.2829600876873
592.2856974981573
592.6055222196231
592.6144547152513
595.0952790912315
595.5034326462761
595.5365054688716
595.7592532050917
596.5750593842217
596.5777985784467
598.0273572434485
598.8929402954893
599.9097159300852
602.3913712606081
603.6584137482554
603.9023875276324
603.950610089257
604.5403282852858
604.6019690179567
604.9273947063174
604.9751227755687
605.0562808409696
606.544284399827
607.5803586864256
608.2378525522397
609.2621241593469
609.6307445073353
609.796768877474
609.8199535732961
609.8260214531336
610.8392505571508
611.0862038455289
611.0932426468959
612.490205566139
612.6837291012696
612.8163372024362
613.8075828646032
614.1220134194903
614.4309982838962
614.4552625992033
614.4730085817481
614.8222914320246
615.8036309746797
616.5334475416632
617.8055681984397
613.8996520652998
618.9749702993823
619.3124426014969
620.9125169971262
621.3617530306834
621.4589205259824
622.1846260083676
622.4837728450544
622.5452751353254
622.5787049464116
623.2860897654681
623.5185236431754
623.5829669127995
623.6095860733051
624.2360833006625
624.2986017512961
624.6345448574745
624.7395616702631
624.7466844493578
624.7522055374617
625.0824427060152
625.5430901565448
626.6223231593312
627.3840561567646
627.6240694334724
628.3061759673569
628.4288017068201
628.4362423260011
630.4565796992081
630.6297627578381
630.90169200668
631.4642794998133
631.4861708849512
633.2213313622934
633.27381487792
633.451864610053
633.4759994541331
633.6811365213487
633.7403687643189
633.862400018714
633.8770822254636
634.7872465418151
635.270188234873
635.2912756582045
636.7741228759753
637.4100968728973
637.4545021716538
639.3972604623066
636.7086250186351
639.7172601978011
640.0009640713522
640.0044493174677
640.2504010135913
640.6403229014959
640.9325799551989
642.5928960082074
642.8926845402433
642.9548528289573
650.2571884040124
650.5146111375817
650.5743915686518
650.6937104841053
650.7177766934758
650.9476455580375
651.8217455990023
652.1606932598112
652.1794834070259
652.6735591352832
653.279008233554
653.8110885042672
654.6476882988397
655.0449710301702
655.1162458948994
655.1987855474615
655.3055883393345
655.5375023960049
655.7932812034095
655.8413148465065
657.9889200200714
658.6661393046496
659.7644451778824
666.873641116129
666.9556355886629
667.0787169225341
667.4333789337447
667.6144846517234
669.5143554045603
669.7345127723353
669.7475183503319
669.764570204488
670.6405961272673
670.8797788946306
671.1024092159265
671.8647733433162
672.0600161744942
672.1587376575807
672.2023988673246
673.0055707144735
673.0832708032093
673.3690498155191
674.1058486660834
674.2193621632647
674.36064977955
674.3652661868065
674.3722105382603
675.2514691341418
677.146314625377
677.3531565452316
677.3768294821609
677.984181012477
678.1138913783478
678.4294392622202
678.5006234194246
678.5788074807457
678.9417483762845
680.0311848195282
680.7174383131824
680.8999389811572
681.3161532743612
681.7928544403096
682.0047440229686
682.0185471989809
682.2594782469915
682.2796535925995
682.8922035904361
683.0481775744249
683.1305681076824
683.5146832751126
683.9083732231068
684.3105984766161
684.3176068887662
684.3241008034101
685.1308703774549
685.8011893441497
687.7224063115005
688.4837813009669
691.466355951429
693.6931644431713
693.9863715938366
693.9981158146135
694.2005814421614
694.2659820087603
694.70109035404
694.7431054905509
696.4111842569143
697.1830015368627
697.5190557495876
697.3584913021035
698.2599724576434
698.7760321889521
698.836708943836
699.026936284187
699.37102963616
699.443465097415
699.7628587975918
699.948491905053
700.4573989383726
702.4879997887726
702.6833175663128
702.704694751969
702.7111484607454
702.7153054547983
702.9207376002996
703.0556482467344
703.4803701886672
703.6909969042307
703.7972123876867
705.9456593164944
707.0155028072033
707.2893756644232
707.6125552844635
707.6129799347887
708.0472352636099
708.0615474447021
709.8724432067356
710.6236304755879
710.6888744332724
711.4319428258239
711.5831000510515
711.7405764002509
711.7518995902377
712.4357161247744
712.834448530896
713.2954353248062
713.3216930335841
713.7078752425592
713.9010079744601
714.0127520635232
714.1989041480159
714.3432797599027
715.8175798724642
715.8946299378345
716.0565175699567
716.0814408299667
716.884474292424
719.4115014514805
722.2284261474199
726.4863239101539
727.0110773804728
727.0794675433375
728.2932945143788
728.7368238849975
729.1063472433268
729.6061812947028
729.7846007808128
729.9844309328785
730.4995193345433
730.8639289334045
730.899466971239
731.3625828186999
732.8759548656896
733.0562480110015
733.0844017320985
734.514096527846
734.516586861748
734.924406718204
735.056997279406
735.0812019084282
736.6223798576348
737.2478141298867
737.3992625780063
737.4076307206826
738.1482304135503
738.4398713557536
738.5856847929387
738.6490622830873
738.6752568308837
738.8538232013881
738.9086127636341
741.019438182797
741.1439052127719
741.1523815327118
741.8412181582854
741.8598486303998
742.1937351318802
742.3618960363012
742.8443493463417
743.1447847404922
744.1199557137835
744.2881357576756
744.3305740893712
744.9098978732707
745.1258511337497
742.5666773210316
745.3207727909188
745.3471302856841
745.9154103341285
746.9174155515909
747.1101536573939
747.120187553897
747.853150678285
748.6522695865012
749.2230226115959
749.4550276554257
749.8498335776216
750.4652126534328
750.9424566968083
752.937564442144
753.1113031486698
753.1608173207746
753.432641853337
753.7615874961775
753.7836251430821
754.3085254339338
754.5987633564117
755.388341836745
756.077261813924
756.539034737602
757.0158058225243
757.2576569206406
757.3058614645558
758.2750412258418
758.6983634229091
758.7270044870296
760.074043370803
760.4396857500471
761.3670913177017
761.8574194102879
761.857998150417
761.9834441032683
762.2275884334725
762.9610505020675
764.8761047410483
766.7853225231431
767.336055428215
767.6283649661742
768.1981311579887
768.3995046774188
768.583314086187
768.9529255643142
769.0924265664596
769.1229091070978
769.6610862133216
770.58536880819
770.8569992855944
771.0776453733206
772.3163980389592
772.3914827157712
772.558538054425
772.5756640906465
772.7554234367312
772.7717771952881
773.110498746779
773.1787673876581
773.3762491681305
773.7567326143896
773.8140613368383
774.2027179294824
775.5809746543982
775.7857608785218
776.7145204298696
777.3164356258916
777.5770331952696
776.0479868915376
779.645116797769
780.2973797646323
780.7047530703672
780.8766661903737
781.0871167284013
782.2887927229077
783.9892125693457
784.1183403467609
785.1074708031035
787.6474267123293
789.3873508435946
790.0904762301277
790.4427665811273
790.6672430565858
791.0232965466384
792.1958742050887
794.5563774617648
795.6385315833692
798.3135355716048
798.6108557708741
800.2522678859027
800.3458344856972
801.7095958017147
804.0342114393578
804.452352024792
805.3082758135333
807.008754767828
812.6641005008203
813.2464092663522
814.6558565297543
814.8376040513481
815.1731629595366
829.6406187448341
830.8081702363479
832.2117820810907
833.9536950666429
835.0142392246293
838.4899598074821
838.9579336199633
840.3900406616615
840.4784732443804
841.0684441190684
852.3543146876937
852.6074641848938
853.7240491071096
855.7737713756263
859.9488090767654
860.9623056175556
861.065948410799
861.9882257405282
862.8202481833683
864.8093163079138
865.6958789189224
866.050557653278
868.1497743312801
870.5199284295726
876.079849662394
877.6943206307483
878.3326056567703
879.6206926994785
882.3713618362228
888.4257051305068
888.7227943804528
890.7239128680658
891.6453558633957
892.050307845572
894.4833889712202
899.5905636303623
901.0921291168443
905.4599139994045
907.0531966342838
907.1305098965496
912.9597803659485
916.3079464201511
917.114319356719
922.825603131315
923.528966430849
925.3511587673593
930.0536081731909
930.1248251689707
935.8518456759057
937.6001793855874
938.6725557088354
939.8914855053898
939.9891705462796
940.4990498231224
940.7310210440777
944.7485844717272
947.1736611130843
947.3885066614178
948.9697411580455
954.0653085883613
955.209106278496
958.9970833977259
969.2279784010863
974.1188574644804
974.7588739769238
980.7262055114952
981.3241742538593
984.6499673842872
990.2477297429492
1004.5439441239544
1011.9622447468153
1013.4597659420936
1017.0871514423316
1018.0790603042153
1020.7936016415341
1028.5794755722154
1029.548223367489
1031.426061941965
];
Sistema de cola con servidor simple


t = [
480.0
480.1029049860395
480.14374673001345
480.29404646646935
480.60477525826667
480.77444974222465
481.0312370032841
481.07184133179516
482.8034800852334
482.95669927244904
483.16198731868764
483.18657151865597
483.19488428809274
483.6059819404093
484.0623774678814
485.28377274534046
485.6672089038188
485.68095482849003
485.84853062303836
486.8736214309661
488.0072626919983
489.25019976622184
489.9125092461102
490.08793873914874
490.12859213493795
490.18988697013185
490.38689092525067
490.626649663234
490.64717904025093
491.0918822217993
492.45755884267237
492.6085524019106
492.7254855307
492.85581935809756
492.9389195796939
493.0471548470492
493.3316790252284
494.28813387313494
494.2945257516734
494.62963731584756
494.6650906263795
494.72434274405566
496.2698444576721
498.2986021626337
495.7699814356003
498.4921845284019
499.8031395722831
500.1600827672231
500.1921924832718
501.257842798783
501.73469642504483
503.43599861134294
503.6004750010496
504.05936415809384
504.2855591793003
504.88449104296876
504.9049022851708
505.1838295619808
505.3717653535634
505.37986376502437
505.59512366613177
506.0879380345062
506.13376117105895
508.46385523062827
508.49599772438233
509.4667983276071
509.7370037401925
509.77410324775644
509.79289261197937
509.7998178681023
509.920174733455
509.93997818952795
510.23854158412126
511.02776992818576
511.1447300191466
511.229276991864
511.45107648322295
512.9693076009816
513.0654655516365
513.3945440458502
513.5996679621063
513.639258792342
513.932740074353
513.9647020695371
514.172133095615
514.2819115816114
514.7290978501222
514.7681940159149
514.947418427995
512.9212067321055
514.9692817531821
515.1813485226693
515.2034182208109
515.6396375430623
515.6861132250964
515.9627750556344
516.3595171388757
516.7725542086886
516.7806061799242
517.2927945037211
517.5218033013448
518.1285124979518
518.7687184186892
519.2143660562346
519.5822111863072
519.6225115700051
520.4296996023154
520.762580809007
521.4884945518894
522.758486457425
519.2182200885333
522.8269388672741
523.3756133976343
523.8443232260857
523.9321043253012
524.0278684315019
524.4870562624068
525.1638814240941
525.537851294911
525.624125965482
525.7990387592762
525.8448827238199
526.0243458276257
526.4745019010593
526.5610234356301
526.6338326052355
526.7175643677477
526.7382357036896
526.7501519525865
526.8239832551217
526.9751954960317
526.9867193617055
526.9870174017071
527.1734645587501
527.1744765441422
527.6979193392847
528.7167437192835
529.6887934154328
529.93278133319
530.6087323663713
531.6847249476416
532.1099490468141
532.7510527252455
532.7593195299768
533.0630395985944
533.0923838149399
533.6831719558952
533.7900316456601
535.696008087337
537.104741674933
537.7071682863321
528.9593391302773
537.7100743526227
537.8681314380424
538.00432241912
540.0398410768086
540.0881576563596
540.5387549765961
540.5410999580498
541.7827206471164
541.9011327125845
541.9329865367201
542.2624884494163
542.2710360450145
543.0085498977242
544.2379076505964
545.4232178574107
545.591514295125
546.8037781919255
546.8080972197986
547.5966168362245
547.737183616477
547.8218485171174
547.8728293177736
547.914312028922
548.3844023037782
548.7920558675831
548.7963585906091
548.8116919658647
549.7760067572077
551.4320438552256
551.7384432547674
552.6826670469474
552.8507922235672
553.0193384494843
553.2268729670553
553.3436835286775
553.426917559437
553.4925099405124
553.6705913054358
553.7398246939216
555.080183022524
555.3359175200402
555.3484178249175
556.0689050172375
556.7960237601027
556.8987101212398
557.8314171884452
558.5210382928474
558.8849388228484
556.3845019698781
559.0914235241764
559.8060051926991
560.1252047620104
560.2739905791352
561.2666827830051
561.764708937133
561.985184032857
562.0838668728326
562.4132323859003
562.7765027087742
562.8109592484553
562.8335453436803
562.9016119797731
563.4193091212734
563.5815925148719
565.2345944452755
565.3278202125873
566.0757876095815
566.4583154594778
569.2459644102229
569.8464631348306
570.0169504214773
570.0411152860393
570.1254208004582
571.6626430951914
573.1950965858779
573.6907500646622
577.8040383120435
578.0961267900966
580.2794556267891
580.4116756621474
580.4134926570579
581.4404702383092
581.7266565494725
581.7568193187365
583.0133105184344
583.8045224005866
584.1349755672397
584.6574122820032
584.8442499182958
584.8516329329439
585.4847080899519
586.3611958095762
587.0052013041167
589.1657435537643
589.5213008666864
589.8944952521481
589.9233880300598
590.147430654104
590.864616829881
591.4419258736314
593.8560211483352
595.1583832547286
595.3344923309716
595.3533157188617
595.3751801439861
595.4419244286956
596.6184196483325
596.7054352745056
596.7554542357359
596.9835527683483
598.6319797452736
598.8870313473207
599.835331242503
600.2390213934555
600.2870756269818
600.4605259923233
600.598621147657
600.9255747387106
601.0317866003281
601.6945602192322
603.746390181493
603.8382779463972
604.0374943388724
604.09897897659
604.2124505635962
604.3554297926929
604.4660840119451
604.5230531181254
604.5825518989687
604.6274347838358
605.9373052880962
607.0608765931833
607.7847038564311
607.3801661241672
607.9123784965135
608.8940806920521
609.1933091428074
610.766052968344
610.9405822592547
610.9874784092752
613.1733565803871
613.4686951588733
613.5038551136934
614.7010336064985
614.8769544172088
614.9812741662473
615.5352579766869
615.8887420014685
616.1452234402742
616.5843005212176
617.306037149459
617.3638140935169
617.6526702398482
620.5803974182451
621.1669889385618
623.6831224491601
623.8604817186034
624.1674910725948
624.5600512331118
626.6863138415624
627.0151131273991
630.689128301217
631.4297742746307
632.0631518613136
632.241955853474
632.2427185256382
632.9829466693121
633.5512266374351
633.7742312012837
633.8506572476746
635.3802142034505
635.4318571691417
636.6164823974831
637.4581344279085
637.8456899644973
638.3436466278446
638.5322961405985
638.9899136454852
640.4519201568286
641.3880723894998
645.5532156516654
645.9420075786435
645.9734177111093
646.0372425562454
646.0723100626019
646.2867373768919
646.3042431731143
646.4524480619401
646.4959855197413
647.2103158216
647.8354586819039
647.9336554889279
648.0847160832003
648.0877713472577
648.451706952831
649.3757405759522
649.5193849053741
649.5498092552006
649.5783259441077
649.5823833170552
649.8018118477618
649.8898495986666
649.9343167214453
649.9415921797657
650.3656228430567
650.3893856015669
650.5439563384864
651.5872698163421
652.7203512544415
653.3854775473466
653.5862277604637
654.0849904250784
654.7593189111699
654.7700732041449
655.4513473971963
655.5791960969879
655.7706927677599
655.9156942099922
655.9271739252085
656.171959837862
656.3804350943188
656.7799916959812
657.0800924003653
657.0850153208797
657.2010967899621
657.535263882381
657.535515908697
657.5662428592688
658.1745206266031
658.8038475250108
659.2587530240739
659.4871406217396
659.5677917332183
659.7852400225206
659.9111111804829
659.9124420370237
659.916458734095
660.0504646746241
661.5211326534967
661.5550514665434
661.6139395431017
663.5382117826247
663.8908405751341
664.0023331725118
664.1151225579806
665.5299738647055
665.9962215047236
666.1022465632803
667.5314797681788
669.5277749466072
649.498064368341
669.7964035958291
671.7112008994784
673.0110941007802
673.622148898654
674.3900153734967
676.4525608744731
677.196883658838
677.6635286455997
677.6935756664603
677.7059033962732
678.2061882279024
678.2694119642285
678.7167060796058
678.8093397579684
678.9263053821329
680.3151834176101
680.6673922238567
681.8042679437822
682.2520879485636
682.2782142682265
682.6487120015697
685.5004085558161
686.852414041705
689.1830682916099
690.4191525491137
690.791084920978
690.8417579783682
691.1790614148317
694.2385311349897
694.495137681048
694.6390099630559
694.6561249998925
696.424627504193
697.0492229199845
697.1473963324629
697.1854891238963
698.5387897026822
699.0624702942797
699.6132779097054
700.7572626983741
701.075095481613
701.4956753165349
701.5154065050339
702.0007000010095
702.0577295164863
702.170371713093
703.6174672042918
703.9350029578223
704.1644562291729
704.2324732091909
704.2440959042204
704.4515486434076
704.636708299452
705.5576676064757
705.7032356336006
705.7083924571922
707.1680093521894
707.2538964528588
707.4107549781379
707.4574520714056
707.5396916910527
707.5718105162999
707.6092555907178
707.8344304834877
707.8571486693239
707.9769141714589
708.4417201936956
708.7315586760877
708.8176794459076
708.8725562937597
708.8963340126487
709.3732124126741
709.5045420973098
710.30509221469
710.7293656804833
710.9704119398325
712.7254525851495
710.3689949712242
715.5588529744518
715.6642384272515
715.679848777062
716.2656688514671
716.6531356342639
716.7087857621685
717.3771598631233
718.4659726426435
718.6209938676518
719.1422838101206
719.311794615313
719.745047924679
720.523794348815
721.0528868159072
721.0864684234191
721.1415801976841
721.1471694613845
721.5161392868442
721.6204876870856
722.2096078480865
722.5959031510628
722.6670478693804
722.8830634792874
723.2238962488963
723.3641507785503
723.8915812312125
723.9165719630545
724.163042879699
725.2380124921054
725.591547918618
725.6235924473152
725.8812575672393
725.2671118612524
725.9718706850782
726.0020161265128
727.4422382205267
728.3267726499025
729.128813242184
730.0040932934668
730.4806076495968
733.3065363134156
733.6899880932082
736.6905594437184
737.2292425503956
738.5108567766001
739.4066631853843
739.6256719734869
740.7079693261352
740.9549273964728
743.356026737257
744.1724262255184
744.6656187286172
745.506938772839
745.9537353012231
746.1401294130031
746.8113290122587
748.5805490667608
749.0086480775296
750.6604646368586
750.7572187473978
750.7651691137402
752.0083985929112
752.7509032648778
753.1122551083378
753.249925799863
753.5305140154309
754.5418891477913
754.5544723907517
756.2509229161719
760.9757242614667
761.2231763365867
762.5903834104469
763.0465477933517
763.102794488569
764.0499662611494
764.2202229966341
764.3323717002137
764.5471409258304
764.9513394272244
764.9983165168748
765.204732666693
765.9347640704212
766.2608847854166
766.3752498664084
766.3900955846971
766.4689888613018
767.8929221113266
768.330496769937
768.3713977212286
768.4570348454824
769.0565047825298
770.4544749917671
770.8059399218857
771.974552665026
772.464948580126
767.2296301102252
776.1172507235748
776.2492912300951
776.2628320037512
776.352554598361
777.0073982963945
777.3262275559267
777.4792982435129
777.630214307503
778.5813141793029
779.1374961953659
779.1412846206086
780.1707958676342
780.934108363978
784.0160979905617
784.5794165639576
787.5483280342647
787.8677975545473
789.069108326735
790.0179581089687
790.6582444532253
790.9643189251891
791.0445600764572
802.6896770902342
806.1893076364744
808.021621713612
808.1715075513396
810.1363590975235
814.3770969552762
814.6990479530588
815.3152715238432
815.3174549399909
815.4236865347617
815.6548890838307
815.7921978138019
818.681379081166
826.0299946067364
826.0317366689566
828.979611389184
834.4340197355446
836.8037818004576
840.3114911378124
841.8423809586146
855.33045064037
860.1787963209498
860.7099685112041
862.5008557030533
863.2573649523142
863.711010750741
865.8847909089008
866.1579488144329
868.8695096254015
874.810084928368
874.8885745639046
874.9069748351752
875.7829461762987
883.2828777250651
884.0373848521468
887.4345943981295
890.8581107097382
890.9793202418712
895.4519889828833
896.3175309415208
896.4750196684009
900.2184696874549
901.0653972618613
901.1052212963043
901.8667182016417
902.7915712644491
905.6363852089303
909.1121547426704
909.7033624420092
909.8280018345843
924.0776296297483
926.1086045065473
926.9713578790911
927.6166502376174
929.9104005346228
933.294827448816
937.2826955754159
940.0415202225736
940.405911207027
940.8871147231572
941.775010823022
945.6190369086402
947.9366142840354
948.6496617439803
949.2580654802356
949.3399493893296
955.8156209248691
956.1309218317812
964.4403863660139
974.5740809673342
976.9558103862141
977.8643106262022
978.1589397411229
979.1707865128776
982.3908644879659
993.245763788381
996.8604236048515
997.0927102218042
1003.2765495334044
1006.130002678695
1010.1282693244871
1011.1057926451374
1011.2397904410126
1012.1370571478712
1015.7381128204019
1016.3635750761595
1019.2892730442352
1019.3070335009924
1019.4462439313248
1020.0768472289884
1020.1719895341392
1020.7333332659615
1021.869305807371
1025.8859916602985
1027.5847980063918
1029.9677583964246
1031.2294305725386
1034.0834963716586
1042.7100938560195
1045.692836984711
1056.6929683291823
1057.3208545493706
1060.700085375468
1065.8943070579396
1073.0412426694813
1074.7596001115137
1079.8365033592358
1081.9781471708097
1084.2386959443347
1090.3897921723578
1095.665346191689
1096.3853613907636
1099.6880786535887
1104.261229988461
1104.6255668481333
1108.3179653293569
1115.468931481002
1116.3874219764048
1122.431879863009
1130.4591746521219
1131.4890413183791
1137.6146102381676
1138.0400920304812
1140.8336649865576
1147.9379840130578
1171.0405801168645
1171.8926191562937
1175.7102746549042
1176.1777309559232
1177.276839388746
1179.1580893918745
1184.5229192344093
1185.3160524159466
];
CHACHASistema de cola con servidor simple


t = [
480.0
480.2446729772197
485.8208396996331
486.1706391735333
486.21690012634986
488.936001394519
490.04947335479716
493.56724505788003
493.9240161313803
494.0007193763021
494.0882162982093
494.11631650427154
495.6034232308293
495.6778521094525
495.8068373954081
495.94980691378646
495.95360005734824
496.37241999377426
496.4005331569913
496.61839501092686
497.8718817964903
497.9117102247766
497.9786051556741
498.33005525262354
498.3444219503195
498.8015953424968
498.82236009302665
499.03137052580195
499.3457112486648
499.60493174680494
499.9643495008194
501.97073317476026
502.27950808702093
502.4266364475892
502.47574373443865
502.760770234375
502.76945158630133
503.08674864206756
503.31767503178054
503.5676356468997
503.9669522654017
504.6186480394878
504.9907711679637
505.01887539708486
505.06319389111513
505.2079543600965
505.41044603848286
505.4522671309883
505.80715412573255
505.9555333633879
505.982995089945
506.0439794956153
506.2018575345368
506.3730103903526
507.94965702308104
509.9407573171009
511.9443398622105
512.3067626130918
512.9671434201315
513.9315101796016
515.7091570916396
515.9242267077049
499.3656840208183
516.0334509915532
516.0442001724924
516.9990875047525
517.0528424004237
517.3621627117367
517.3945818927061
517.4447192835652
517.5657655146005
518.4015062140066
518.886051255504
519.0313287193259
519.1033096857976
519.1970156057191
519.2976937434179
520.9273044196125
521.541177047398
522.0333991362321
522.7814767646296
523.1916748472166
523.3171041787989
523.3369712675258
523.6373474633099
523.922109028635
523.9409422155934
524.6746900525093
525.0287884338625
525.0555245256844
525.1166638211001
525.1489089379463
526.0632948871526
527.2621167400475
528.5292490797506
529.2514181431394
526.9685809993341
531.7039679722902
531.8112155517052
533.0146703555104
534.4589496656371
534.8425223591969
535.1684078658236
535.4387671416708
535.6680545177114
535.8359429660939
535.9553364006525
535.9717438638882
536.0706771332667
536.0732437417084
536.9599221139351
537.8972000457829
538.0592945109286
538.2537238129885
538.8257464732756
539.3149958906639
539.7209837675632
540.1307944604704
540.1601236417478
540.4752151415113
540.6917891117963
540.7906488275031
540.8015460082979
540.8254728427528
540.9500065301366
541.0164638370821
541.7883114338166
542.8167514120569
543.854937609381
544.8191334440039
546.8160556944607
539.8021161437314
547.0081956644484
548.7997332781646
548.9563994019335
549.0337243860672
549.4932184275519
549.9006228125965
549.9032875400674
552.9696726118136
553.3669202975157
554.068035763644
554.3415338920676
554.390326389329
554.4685996479931
554.7095945946344
554.8152408405634
554.8959594415028
555.8585049018467
557.4021008195044
557.4348738993019
558.6025471646121
558.6973115377114
558.7621629804945
559.0090877033389
560.2853650768179
560.895317361874
561.0486276393806
561.2312385275042
564.642084622083
566.3755902260972
566.7576357450429
567.8195741670122
570.19798246279
573.1061630192133
574.1727688686722
574.255057682013
574.2982720209654
574.5922869241888
574.8767206506618
574.9144722372638
577.8391879310826
578.2692676979818
578.6180068367457
578.6241531147812
579.9274315028915
580.1122142325388
580.2468109206739
580.3172970865387
581.0288993348894
581.8163379238504
583.53085664582
583.8258995484503
584.5633396502416
584.6431524771058
584.827394677094
584.9525212376094
585.6137228704882
585.8194107679319
587.6437932402874
589.5301473837836
589.6523307495119
589.8788907438887
590.6557179585986
591.0844197859352
591.1461134654234
591.2732462438877
591.2956640210734
591.3609749920622
591.6787150592371
591.7241941597925
591.7289188327206
592.156029710159
595.0267470966494
594.9399061354079
595.2230530207706
595.3620306384776
595.3956764082154
595.4857816803647
596.7769254264729
597.1815572588912
597.2697957264378
598.011058961353
598.2468413955895
600.589157106655
600.6300438728769
601.5176563187516
601.6940788134318
601.719713991126
602.8036607581972
602.9541499941708
603.0041940691535
603.204577490915
603.3151186492014
603.4360320122926
603.4413904100244
603.5637530801085
603.8695836307297
604.0576825532526
605.0266450675657
605.2940872698452
605.8626693361989
606.1467058538464
606.2960120074639
606.3329391770503
606.8432545953366
607.0680233850098
607.1359793001478
607.1432799769202
607.1493661617017
609.0207967287812
610.0036347048386
610.6872719287411
609.8981517194474
610.8153121581469
611.3401624862256
612.2554982802012
612.698201962958
612.7386127399537
613.3926168508291
614.8452547327198
615.1751966920798
615.6698143673949
615.8824313808916
616.987922958069
617.2470855598232
617.3085767719233
617.6391072307403
617.746867277524
619.7398412052546
620.9483551899417
621.240492420618
621.6369396304776
622.640735891628
623.0723722392428
623.5649855029795
624.553784879246
625.01978286983
625.7156439338477
626.1158952662096
626.2960820222168
628.8963204632099
628.9538363575635
629.1059205154135
633.3061843566505
633.7316177002591
633.7920523290823
634.6207582899659
635.5262057875905
635.7146939544664
635.8919838107284
635.9151011004379
636.3485374582184
636.3565342828703
636.3662057966351
636.3936951028654
637.6294856347548
637.9803426605897
639.5186686327094
639.6310368142946
639.1446399965325
639.8549121687869
640.0073952837419
640.4870247480835
640.490121265902
641.6621955517411
641.8013974216854
643.4715710960196
644.4862170160565
644.7335092326408
644.8487211333037
645.4497823417455
645.5099200927489
645.9072456846407
645.9351862288732
646.2777015033478
646.4373484484599
646.4392334735446
646.8967979681007
649.1647110442619
649.2570277701776
649.314398417236
649.7691343900854
649.9562055601892
650.5052353294296
650.7314019935468
650.8889488883276
650.9312046745945
653.3149995303609
653.4173043666115
653.4520785092559
654.2021736821755
655.0772617729111
657.8579102058428
658.1595737540947
658.5821840466056
658.7673626401795
659.0392205010921
659.0708120763495
659.4275165010849
659.4574566217423
661.2210904700473
661.4180917520424
661.7480350610466
662.7737233618337
662.889253228093
663.1805456653144
666.0093405472429
666.7576724490725
666.8133742264273
667.2736551367485
668.0132673846166
668.2454058068611
668.3414167866933
668.467175029927
668.7328835462824
668.7874741158184
668.8191329848495
669.5821375758104
669.8808362565861
669.8880991046148
671.2092902301441
671.3400178080972
671.3564539303952
671.5678333235647
671.7749987358279
672.1869138694811
672.5971383965472
672.6255221351919
673.5553945685815
673.8027445249937
673.9057049109696
673.9993906623804
675.5117339352366
675.5534748235358
676.1689456262352
677.361895928345
677.5407151894516
679.5368095957958
672.0893975627051
682.3529027358716
682.7278158925585
684.5217583625071
684.5728010325336
685.1942005670019
686.21190314091
688.651717169875
689.0744386425188
689.0879881225057
689.3290623048955
689.7232223578037
691.1496470181627
693.724165437414
694.504805353559
695.5573762358957
695.9954233749743
696.008354854804
696.667238597668
696.8316684574916
696.8856826051637
697.0076032311174
697.0373097966591
697.0776808100338
697.2135592316533
698.6861749658751
699.2700472947658
700.1452799793799
701.8722954307159
702.5923408365741
702.7784023008419
704.198487197259
704.3505923997662
704.3930735982275
706.3702009811569
706.8125273349157
706.8259297077415
706.8418040856606
707.8176778443437
709.9524597462621
710.0073304085053
711.3683733285525
711.7628355992488
712.0339810582597
712.0665669916921
712.9972242469265
713.3208820731221
713.4880264875542
713.5157258796338
713.6017678617569
713.8947022116505
713.9001672380313
714.1349752633353
714.7536034503463
715.0188082835779
715.2286604791799
715.5455472141574
716.7376098816613
716.5595449192709
717.0484371638235
717.5627753129547
717.726448667506
717.9963569430887
718.900311083535
719.1769333666066
719.1854575922391
719.4143258350165
719.5585661048358
719.6359016456336
720.1279309696092
720.5047139667278
720.5320614923636
720.5351060929074
720.5365026997775
722.1723820707331
724.1724450139837
722.4625313314768
729.1254816823036
729.9076776514626
730.7074548638248
733.6540039503392
734.4660632999692
738.3659013927968
738.8588960115682
738.8999815385971
738.9495965886085
740.9624435351941
741.9991690566566
742.1160432370939
744.626660116489
745.8049753503867
746.5553777356259
746.7497096778261
747.2218351700449
747.852975697158
747.8613178149707
748.0602694627255
748.1216095576234
748.9286008856457
749.4654115572487
749.7534964750099
750.4414055724452
750.6080257454933
750.6692298124946
750.7389615950398
751.0133909792614
752.8304685104025
753.0659288975555
753.0715833242955
754.052636288241
754.2602202736296
754.3463536617533
754.4953828452457
754.7011702805316
754.8120749757892
754.8401120902797
754.8495963314151
755.2555053341672
755.3080353978519
756.4878152548902
756.6277620142301
757.2033191774905
757.6191417981689
757.6264366519321
758.4843109608026
760.4752007984579
762.1140931989514
762.4596779825295
756.2412230709049
764.7231677416227
765.169457998843
765.2508520877881
766.3090032547876
766.6492822658071
766.8309458551025
766.8357710251121
767.0733485931873
767.1886126696147
767.7523052999318
768.6259551173063
769.0999402504975
769.1413262226109
769.3665341609801
769.7682353232652
770.0065005780701
770.5142165376786
772.7064100335621
772.734782846155
772.9113331198758
773.0373768948958
774.3100699056905
776.5847927107329
776.7481135789839
777.1894192531549
777.2489017352193
778.0507905481486
778.594069324091
778.6713049557525
780.5599741467109
780.7050920228459
781.6229376840417
785.4818900838644
785.6010626414085
787.378144632539
788.204784662311
793.279685056141
798.4223576732005
799.6960592398706
800.9679464983457
801.2331546208383
801.5970943653309
802.8173547077207
803.1421558093971
806.9874709961581
808.0306512877688
808.9951177811769
810.6799744723705
813.5905592716151
819.3021748338846
825.756252249512
826.9410488480726
827.992320046284
830.3072395729785
832.4086481394583
832.7106461193263
839.2229360410527
839.5450188038127
839.6068463231959
840.9398232474775
841.2340528015299
841.6177134698562
848.2744844305582
849.940389186521
853.6604315399345
854.3972169601428
860.4766525230789
860.9221061856349
863.5637316018227
863.7167561890675
864.4053092196829
868.8244637955712
869.1293513001274
871.9834550058392
872.1988618455257
872.3499636551581
874.5964420684694
875.0174268250561
886.8946885181783
887.9593364210081
888.1623542008437
888.323691090327
889.4149290594364
889.5660860617973
893.0363080304044
897.7394345284398
899.2263031167157
900.626930836113
901.7781292070011
902.7843920579263
903.0827873377274
903.6515729446076
903.7613617323419
907.5522055842455
908.052793680847
908.185202503628
918.8613175461387
920.2253908800215
922.0167666952772
923.0353605543017
931.5934176704416
935.4752226411014
936.2525361933701
936.6634023658441
936.6880196978775
936.7062837986124
937.0957032670062
938.5209460733447
938.8324886438315
939.5881076138734
945.3461387493252
945.9341914034338
948.2316110327439
948.8017367905994
954.9495729648453
956.9205199063149
958.4015137691875
960.1671825265215
966.225261026797
968.0390673782227
970.7744082717243
971.7457889181187
976.5127848008752
976.7229377114011
977.1891965993296
980.883817172159
980.9428068730858
981.1093355175541
981.7170745781114
990.693630068402
993.4555277232768
994.3349694312676
994.9174720024845
995.1956463332752
996.1858472477317
996.9844487669552
997.469511336786
1015.0453431302998
1016.1789768688647
1017.3391163836594
1018.699276792252
1019.6976816095113
1026.138292220685
1026.4439598339748
1026.6819011498947
1031.6733262335988
1037.8842867388107
1048.4899297585735
1051.025182808707
1051.6446307039048
1052.9614713596009
1055.4666347018715
1073.4942213929057
1073.871296891367
1074.823854197521
1080.7326860816588
1081.462204051094
1085.8549185425757
1086.4815382366305
1086.9265991533139
1087.7410245286503
1088.9334856756266
1093.6547213230563
1094.8324742771642
1096.7158801103178
1104.793530299997
1108.9512208040007
1115.8827238363012
1116.1071287503605
1120.0982834657532
1125.4168541621846
1127.6407291932123
1129.6902705399075
1129.836239626616
1131.4956233639493
1134.4509247650867
1135.0538996519804
1137.6883132402381
];
