This is pdfTeX, Version 3.1415926-1.40.9 (MiKTeX 2.7) (preloaded format=latex 2009.12.14)  14 DEC 2009 08:04
entering extended mode
**informe.tex
(informe.tex
LaTeX2e <2005/12/01>
Babel <v3.8l> and hyphenation patterns for english, dumylang, nohyphenation, ge
rman, ngerman, german-x-2008-06-18, ngerman-x-2008-06-18, french, loaded.
("C:\Program Files\MiKTeX 2.7\tex\latex\base\article.cls"
Document Class: article 2005/09/16 v1.4f Standard LaTeX document class
("C:\Program Files\MiKTeX 2.7\tex\latex\base\size11.clo"
File: size11.clo 2005/09/16 v1.4f Standard LaTeX file (size option)
)
\c@part=\count79
\c@section=\count80
\c@subsection=\count81
\c@subsubsection=\count82
\c@paragraph=\count83
\c@subparagraph=\count84
\c@figure=\count85
\c@table=\count86
\abovecaptionskip=\skip41
\belowcaptionskip=\skip42
\bibindent=\dimen102
)
("C:\Program Files\MiKTeX 2.7\tex\latex\graphics\graphicx.sty"
Package: graphicx 1999/02/16 v1.0f Enhanced LaTeX Graphics (DPC,SPQR)

("C:\Program Files\MiKTeX 2.7\tex\latex\graphics\keyval.sty"
Package: keyval 1999/03/16 v1.13 key=value parser (DPC)
\KV@toks@=\toks14
)
("C:\Program Files\MiKTeX 2.7\tex\latex\graphics\graphics.sty"
Package: graphics 2006/02/20 v1.0o Standard LaTeX Graphics (DPC,SPQR)

("C:\Program Files\MiKTeX 2.7\tex\latex\graphics\trig.sty"
Package: trig 1999/03/16 v1.09 sin cos tan (DPC)
)
("C:\Program Files\MiKTeX 2.7\tex\latex\00miktex\graphics.cfg"
File: graphics.cfg 2007/01/18 v1.5 graphics configuration of teTeX/TeXLive
)
Package graphics Info: Driver file: dvips.def on input line 90.

("C:\Program Files\MiKTeX 2.7\tex\latex\graphics\dvips.def"
File: dvips.def 1999/02/16 v3.0i Driver-dependant file (DPC,SPQR)
))
\Gin@req@height=\dimen103
\Gin@req@width=\dimen104
)
("C:\Program Files\MiKTeX 2.7\tex\latex\placeins\placeins.sty"
Package: placeins 2005/04/18  v 2.2
) (informe.aux

LaTeX Warning: Label `IEEhowto:kopka' multiply defined.

)
LaTeX Font Info:    Checking defaults for OML/cmm/m/it on input line 37.
LaTeX Font Info:    ... okay on input line 37.
LaTeX Font Info:    Checking defaults for T1/cmr/m/n on input line 37.
LaTeX Font Info:    ... okay on input line 37.
LaTeX Font Info:    Checking defaults for OT1/cmr/m/n on input line 37.
LaTeX Font Info:    ... okay on input line 37.
LaTeX Font Info:    Checking defaults for OMS/cmsy/m/n on input line 37.
LaTeX Font Info:    ... okay on input line 37.
LaTeX Font Info:    Checking defaults for OMX/cmex/m/n on input line 37.
LaTeX Font Info:    ... okay on input line 37.
LaTeX Font Info:    Checking defaults for U/cmr/m/n on input line 37.
LaTeX Font Info:    ... okay on input line 37.
LaTeX Font Info:    External font `cmex10' loaded for size
(Font)              <12> on input line 38.
LaTeX Font Info:    External font `cmex10' loaded for size
(Font)              <8> on input line 38.
LaTeX Font Info:    External font `cmex10' loaded for size
(Font)              <6> on input line 38.
LaTeX Font Info:    External font `cmex10' loaded for size
(Font)              <14.4> on input line 45.
LaTeX Font Info:    External font `cmex10' loaded for size
(Font)              <7> on input line 45.

Overfull \hbox (11.09372pt too wide) in paragraph at lines 45--45
\OT1/cmr/bx/n/14.4 par-tir de los datos me-di-dos del archivo $\OML/cmm/m/it/14
.4 llegadasregistro$
 []

LaTeX Font Info:    External font `cmex10' loaded for size
(Font)              <10.95> on input line 55.
File: histograma_llegadas.eps Graphic file (type eps)
<histograma_llegadas.eps>
LaTeX Font Info:    Try loading font information for OMS+cmr on input line 72.
 ("C:\Program Files\MiKTeX 2.7\tex\latex\base\omscmr.fd"
File: omscmr.fd 1999/05/25 v2.5h Standard LaTeX font definitions
)
LaTeX Font Info:    Font shape `OMS/cmr/m/n' in size <10.95> not available
(Font)              Font shape `OMS/cmsy/m/n' tried instead on input line 72.
 [1

] [2]
File: histograma_e3.eps Graphic file (type eps)
 <histograma_e3.eps> [3]
Underfull \hbox (badness 10000) in paragraph at lines 115--117

 []


Underfull \hbox (badness 10000) in paragraph at lines 122--123

 []


Underfull \hbox (badness 10000) in paragraph at lines 129--149

 []


Underfull \hbox (badness 10000) in paragraph at lines 129--149

 []

File: automata.eps Graphic file (type eps)
<automata.eps>
Underfull \hbox (badness 10000) in paragraph at lines 164--165

 []

[4]
Overfull \hbox (79.55722pt too wide) in paragraph at lines 166--167
[]$\OML/cmm/m/it/10.95 E \OT1/cmr/m/n/10.95 = \OMS/cmsy/m/n/10.95 f\OML/cmm/m/i
t/10.95 A; D; r[]; e\OT1/cmr/m/n/10.95 1[]\OML/cmm/m/it/10.95 ; e\OT1/cmr/m/n/1
0.95 3[]\OML/cmm/m/it/10.95 ; oft[]; oft[]; psf[]; oft[]; psf[]; e\OT1/cmr/m/n/
10.95 2[]\OML/cmm/m/it/10.95 ; e\OT1/cmr/m/n/10.95 2[]\OML/cmm/m/it/10.95 ; e\O
T1/cmr/m/n/10.95 2[]\OML/cmm/m/it/10.95 ; c\OT1/cmr/m/n/10.95 1[]\OML/cmm/m/it/
10.95 ; c\OT1/cmr/m/n/10.95 2[]\OML/cmm/m/it/10.95 ; c\OT1/cmr/m/n/10.95 3[]\OM
S/cmsy/m/n/10.95 g$ 
 []


Underfull \hbox (badness 10000) in paragraph at lines 168--179

 []


Overfull \hbox (2.2529pt too wide) in paragraph at lines 183--183
[]\OT1/cmr/bx/n/14.4 d) Re-alizar una sim-u-lacion in-di-cando las condi-cione
s
 []

Missing character: There is no – in font cmr10!
[5]
Underfull \hbox (badness 10000) in paragraph at lines 200--201

 []

File: status_r.eps Graphic file (type eps)
<status_r.eps>
File: status_e1.eps Graphic file (type eps)
 <status_e1.eps>
File: status_e3.eps Graphic file (type eps)
 <status_e3.eps>
File: status_oft.eps Graphic file (type eps)
 <status_oft.eps>
File: status_psf.eps Graphic file (type eps)

<status_psf.eps>
File: status_e2.eps Graphic file (type eps)
 <status_e2.eps>
File: status_c1.eps Graphic file (type eps)
 <status_c1.eps>
File: status_c2.eps Graphic file (type eps)
 <status_c2.eps>
File: status_c3.eps Graphic file (type eps)

<status_c3.eps>
File: cola_r.eps Graphic file (type eps)
 <cola_r.eps>
File: cola_e3.eps Graphic file (type eps)
 <cola_e3.eps>
File: cola_oft.eps Graphic file (type eps)
 <cola_oft.eps>
File: cola_e2.eps Graphic file (type eps)
 <cola_e2.eps>
Overfull \hbox (7.84627pt too wide) in paragraph at lines 310--310
\OT1/cmr/bx/n/14.4 el tiempo medio por cliente en el sis-tema, suponiendo
 []

[6] [7] [8] [9] [10] [11] [12] [13]
File: punto_f.eps Graphic file (type eps)
 <punto_f.eps>
Overfull \hbox (1.5912pt too wide) in paragraph at lines 375--375
[]\OT1/cmr/bx/n/14.4 g) Com-putar la prob-a-bil-i-dad de que el tiempo medio
 []

[14] [15]
Overfull \hbox (56.62373pt too wide) in paragraph at lines 405--406
[]\OT1/cmr/m/n/10.95 http://www.cyta.com.ar/biblioteca/bddoc/bdlibros/guia[]est
adistica/modulo[]8.htm 
 []

[16] (informe.aux)

LaTeX Warning: There were multiply-defined labels.

 ) 
Here is how much of TeX's memory you used:
 622 strings out of 95305
 7074 string characters out of 1183096
 62587 words of memory out of 1500000
 3855 multiletter control sequences out of 110000
 9772 words of font info for 34 fonts, out of 1200000 for 2000
 14 hyphenation exceptions out of 8191
 25i,9n,19p,421b,286s stack positions out of 5000i,500n,10000p,200000b,5000s

Output written on informe.dvi (16 pages, 24948 bytes).
